#
# There is insufficient memory for the Java Runtime Environment to continue.
# Native memory allocation (mmap) failed to map 268435456 bytes for Failed to commit area from 0x00000000c0000000 to 0x00000000d0000000 of length 268435456.
# Possible reasons:
#   The system is out of physical RAM or swap space
#   In 32 bit mode, the process size limit was hit
# Possible solutions:
#   Reduce memory load on the system
#   Increase physical memory or swap space
#   Check if swap backing store is full
#   Use 64 bit Java on a 64 bit OS
#   Decrease Java heap size (-Xmx/-Xms)
#   Decrease number of Java threads
#   Decrease Java thread stack sizes (-Xss)
#   Set larger code cache with -XX:ReservedCodeCacheSize=
# This output file may be truncated or incomplete.
#
#  Out of Memory Error (os_windows.cpp:3341), pid=16584, tid=0x00000000000040f4
#
# JRE version:  (8.0_191-b12) (build )
# Java VM: Java HotSpot(TM) 64-Bit Server VM (25.191-b12 mixed mode windows-amd64 compressed oops)
# Failed to write core dump. Minidumps are not enabled by default on client versions of Windows
#

---------------  T H R E A D  ---------------

Current thread (0x0000000003262800):  JavaThread "Unknown thread" [_thread_in_vm, id=16628, stack(0x0000000003160000,0x0000000003260000)]

Stack: [0x0000000003160000,0x0000000003260000]
[error occurred during error reporting (printing stack bounds), id 0xc0000005]

Native frames: (J=compiled Java code, j=interpreted, Vv=VM code, C=native code)


---------------  P R O C E S S  ---------------

Java Threads: ( => current thread )

Other Threads:

=>0x0000000003262800 (exited) JavaThread "Unknown thread" [_thread_in_vm, id=16628, stack(0x0000000003160000,0x0000000003260000)]

VM state:not at safepoint (not fully initialized)

VM Mutex/Monitor currently owned by a thread:  ([mutex/lock_event])
[0x00000000032610d0] Heap_lock - owner thread: 0x0000000003262800

GC Heap History (0 events):
No events

Deoptimization events (0 events):
No events

Classes redefined (0 events):
No events

Internal exceptions (0 events):
No events

Events (0 events):
No events


Dynamic libraries:
0x00007ff6247f0000 - 0x00007ff624827000 	C:\Program Files\Java\jdk1.8.0_191\bin\java.exe
0x00007ffa4b8c0000 - 0x00007ffa4baa1000 	C:\WINDOWS\SYSTEM32\ntdll.dll
0x00007ffa4b7d0000 - 0x00007ffa4b882000 	C:\WINDOWS\System32\KERNEL32.DLL
0x00007ffa48a30000 - 0x00007ffa48ca3000 	C:\WINDOWS\System32\KERNELBASE.dll
0x00007ffa4ac70000 - 0x00007ffa4ad11000 	C:\WINDOWS\System32\ADVAPI32.dll
0x00007ffa4aaa0000 - 0x00007ffa4ab3e000 	C:\WINDOWS\System32\msvcrt.dll
0x00007ffa4ad20000 - 0x00007ffa4ad7b000 	C:\WINDOWS\System32\sechost.dll
0x00007ffa48d50000 - 0x00007ffa48e74000 	C:\WINDOWS\System32\RPCRT4.dll
0x00007ffa48fc0000 - 0x00007ffa49150000 	C:\WINDOWS\System32\USER32.dll
0x00007ffa48030000 - 0x00007ffa48050000 	C:\WINDOWS\System32\win32u.dll
0x00007ffa4ab50000 - 0x00007ffa4ab78000 	C:\WINDOWS\System32\GDI32.dll
0x00007ffa48890000 - 0x00007ffa48a22000 	C:\WINDOWS\System32\gdi32full.dll
0x00007ffa48cb0000 - 0x00007ffa48d4f000 	C:\WINDOWS\System32\msvcp_win.dll
0x00007ffa47c90000 - 0x00007ffa47d88000 	C:\WINDOWS\System32\ucrtbase.dll
0x00007ffa3dd60000 - 0x00007ffa3dfc9000 	C:\WINDOWS\WinSxS\amd64_microsoft.windows.common-controls_6595b64144ccf1df_6.0.17134.648_none_fb45a0e93062a6d2\COMCTL32.dll
0x00007ffa4ad80000 - 0x00007ffa4b0a2000 	C:\WINDOWS\System32\combase.dll
0x00007ffa487c0000 - 0x00007ffa4883a000 	C:\WINDOWS\System32\bcryptPrimitives.dll
0x00007ffa4a590000 - 0x00007ffa4a5bd000 	C:\WINDOWS\System32\IMM32.DLL
0x000000006ced0000 - 0x000000006cfa2000 	C:\Program Files\Java\jdk1.8.0_191\jre\bin\msvcr100.dll
0x000000006c620000 - 0x000000006cec4000 	C:\Program Files\Java\jdk1.8.0_191\jre\bin\server\jvm.dll
0x00007ffa4ab40000 - 0x00007ffa4ab48000 	C:\WINDOWS\System32\PSAPI.DLL
0x00007ffa39c50000 - 0x00007ffa39c59000 	C:\WINDOWS\SYSTEM32\WSOCK32.dll
0x00007ffa44820000 - 0x00007ffa44843000 	C:\WINDOWS\SYSTEM32\WINMM.dll
0x00007ffa4b760000 - 0x00007ffa4b7cc000 	C:\WINDOWS\System32\WS2_32.dll
0x00007ffa42a30000 - 0x00007ffa42a3a000 	C:\WINDOWS\SYSTEM32\VERSION.dll
0x00007ffa447f0000 - 0x00007ffa4481a000 	C:\WINDOWS\SYSTEM32\WINMMBASE.dll
0x00007ffa48840000 - 0x00007ffa48889000 	C:\WINDOWS\System32\cfgmgr32.dll
0x000000006c610000 - 0x000000006c61f000 	C:\Program Files\Java\jdk1.8.0_191\jre\bin\verify.dll
0x000000006c5e0000 - 0x000000006c609000 	C:\Program Files\Java\jdk1.8.0_191\jre\bin\java.dll
0x000000006c5c0000 - 0x000000006c5d6000 	C:\Program Files\Java\jdk1.8.0_191\jre\bin\zip.dll

VM Arguments:
jvm_args: -Declipse.application=org.eclipse.jdt.ls.core.id1 -Dosgi.bundles.defaultStartLevel=4 -Declipse.product=org.eclipse.jdt.ls.core.product -Dfile.encoding=utf8 -Xverify:none -Xmx1G -XX:+UseG1GC -XX:+UseStringDeduplication 
java_command: C:\Users\Oscar\.vscode\extensions\redhat.java-0.40.0\server\plugins\org.eclipse.equinox.launcher_1.5.200.v20180922-1751.jar -configuration C:\Users\Oscar\.vscode\extensions\redhat.java-0.40.0\server\config_win -data c:\Users\Oscar\AppData\Roaming\Code\User\workspaceStorage\971933e374db7d1e17f27a706631fb02\redhat.java\jdt_ws
java_class_path (initial): C:\Users\Oscar\.vscode\extensions\redhat.java-0.40.0\server\plugins\org.eclipse.equinox.launcher_1.5.200.v20180922-1751.jar
Launcher Type: SUN_STANDARD

Environment Variables:
JAVA_HOME=C:\Program Files\Java\jdk1.8.0_191
CLASSPATH=.;
PATH=C:\Python27\;C:\Python27\Scripts;C:\ProgramData\Oracle\Java\javapath;C:\Program Files (x86)\Intel\iCLS Client\;C:\Program Files\Intel\iCLS Client\;C:\Windows\system32;C:\Windows;C:\Windows\System32\Wbem;C:\Windows\System32\WindowsPowerShell\v1.0\;C:\Program Files (x86)\Intel\Intel(R) Management Engine Components\DAL;C:\Program Files\Intel\Intel(R) Management Engine Components\DAL;C:\Program Files (x86)\Intel\Intel(R) Management Engine Components\IPT;C:\Program Files\Intel\Intel(R) Management Engine Components\IPT;C:\WINDOWS\system32;C:\WINDOWS;C:\WINDOWS\System32\Wbem;C:\WINDOWS\System32\WindowsPowerShell\v1.0\;C:\Program Files (x86)\NVIDIA Corporation\PhysX\Common;C:\Program Files (x86)\Skype\Phone\;C:\WINDOWS\system32;C:\WINDOWS;C:\WINDOWS\System32\Wbem;C:\WINDOWS\System32\WindowsPowerShell\v1.0\;C:\WINDOWS\System32\OpenSSH\;C:\Program Files (x86)\Yarn\bin\;C:\Program Files\Git\cmd;C:\ProgramData\chocolatey\bin;C:\Program Files\nodejs\;C:\Program Files\Java\jdk1.8.0_191\bin;;C:\Program Files\NVIDIA Corporation\NVIDIA NvDLISR;C:\Users\Oscar\AppData\Local\Microsoft\WindowsApps;C:\Users\Oscar\AppData\Local\atom\bin;C:\Users\Oscar\AppData\Local\Microsoft\WindowsApps;C:\Users\Oscar\AppData\Local\Programs\Microsoft VS Code\bin;C:\Users\Oscar\AppData\Local\Yarn\bin;C:\Users\Oscar\AppData\Local\GitHubDesktop\bin;C:\Users\Oscar\AppData\Roaming\npm
USERNAME=Oscar
OS=Windows_NT
PROCESSOR_IDENTIFIER=Intel64 Family 6 Model 94 Stepping 3, GenuineIntel



---------------  S Y S T E M  ---------------

OS: Windows 10.0 , 64 bit Build 17134 (10.0.17134.648)

CPU:total 4 (initial active 4) (4 cores per cpu, 1 threads per core) family 6 model 94 stepping 3, cmov, cx8, fxsr, mmx, sse, sse2, sse3, ssse3, sse4.1, sse4.2, popcnt, avx, avx2, aes, clmul, erms, rtm, 3dnowpref, lzcnt, tsc, tscinvbit, bmi1, bmi2, adx

Memory: 4k page, physical 16693276k(3933360k free), swap 16693276k(121968k free)

vm_info: Java HotSpot(TM) 64-Bit Server VM (25.191-b12) for windows-amd64 JRE (1.8.0_191-b12), built on Oct  6 2018 09:29:03 by "java_re" with MS VC++ 10.0 (VS2010)

time: Fri Mar 15 15:55:42 2019
elapsed time: 0 seconds (0d 0h 0m 0s)

